[0.000000] (-) TimerEvent: {}
[0.006088] (-) JobUnselected: {'identifier': 'gazebo_tutorial'}
[0.006273] (-) JobUnselected: {'identifier': 'lidar_car'}
[0.006505] (camera) JobQueued: {'identifier': 'camera', 'dependencies': OrderedDict()}
[0.006684] (camera) JobStarted: {'identifier': 'camera'}
[0.102224] (-) TimerEvent: {}
[0.212789] (-) TimerEvent: {}
[0.314196] (-) TimerEvent: {}
[0.417667] (-) TimerEvent: {}
[0.524835] (-) TimerEvent: {}
[0.630940] (-) TimerEvent: {}
[0.742176] (-) TimerEvent: {}
[0.847764] (-) TimerEvent: {}
[0.955992] (-) TimerEvent: {}
[1.057864] (-) TimerEvent: {}
[1.160378] (-) TimerEvent: {}
[1.263465] (-) TimerEvent: {}
[1.365919] (-) TimerEvent: {}
[1.468694] (-) TimerEvent: {}
[1.591408] (-) TimerEvent: {}
[1.693086] (-) TimerEvent: {}
[1.805279] (-) TimerEvent: {}
[1.907634] (-) TimerEvent: {}
[2.008439] (-) TimerEvent: {}
[2.112743] (-) TimerEvent: {}
[2.217302] (-) TimerEvent: {}
[2.329469] (-) TimerEvent: {}
[2.434504] (-) TimerEvent: {}
[2.541261] (-) TimerEvent: {}
[2.647537] (-) TimerEvent: {}
[2.752450] (-) TimerEvent: {}
[2.859561] (-) TimerEvent: {}
[2.968599] (-) TimerEvent: {}
[3.076576] (-) TimerEvent: {}
[3.177506] (-) TimerEvent: {}
[3.281248] (-) TimerEvent: {}
[3.382333] (-) TimerEvent: {}
[3.483853] (-) TimerEvent: {}
[3.595742] (-) TimerEvent: {}
[3.700144] (-) TimerEvent: {}
[3.804801] (-) TimerEvent: {}
[3.909283] (-) TimerEvent: {}
[4.028812] (-) TimerEvent: {}
[4.130615] (-) TimerEvent: {}
[4.260573] (-) TimerEvent: {}
[4.378462] (-) TimerEvent: {}
[4.479285] (-) TimerEvent: {}
[4.583230] (-) TimerEvent: {}
[4.706675] (-) TimerEvent: {}
[4.810681] (-) TimerEvent: {}
[4.913721] (-) TimerEvent: {}
[5.020231] (-) TimerEvent: {}
[5.128223] (-) TimerEvent: {}
[5.239223] (-) TimerEvent: {}
[5.341860] (-) TimerEvent: {}
[5.451809] (-) TimerEvent: {}
[5.570492] (-) TimerEvent: {}
[5.677970] (-) TimerEvent: {}
[5.787129] (-) TimerEvent: {}
[5.891902] (-) TimerEvent: {}
[6.019898] (-) TimerEvent: {}
[6.121279] (-) TimerEvent: {}
[6.222353] (-) TimerEvent: {}
[6.323936] (-) TimerEvent: {}
[6.426253] (-) TimerEvent: {}
[6.532169] (-) TimerEvent: {}
[6.648317] (-) TimerEvent: {}
[6.760133] (-) TimerEvent: {}
[6.865336] (-) TimerEvent: {}
[6.968123] (-) TimerEvent: {}
[7.072160] (-) TimerEvent: {}
[7.179347] (-) TimerEvent: {}
[7.282984] (-) TimerEvent: {}
[7.383740] (-) TimerEvent: {}
[7.488126] (-) TimerEvent: {}
[7.547442] (camera) StderrLine: {'line': b'Traceback (most recent call last):\n  File "/usr/lib/python3/dist-packages/colcon_parallel_executor/executor/parallel.py", line 75, in execute\n    loop.run_until_complete(future)\n  File "/usr/lib/python3.10/asyncio/base_events.py", line 636, in run_until_complete\n    self.run_forever()\n  File "/usr/lib/python3.10/asyncio/base_events.py", line 603, in run_forever\n    self._run_once()\n  File "/usr/lib/python3.10/asyncio/base_events.py", line 1871, in _run_once\n    event_list = self._selector.select(timeout)\n  File "/usr/lib/python3.10/selectors.py", line 469, in select\n    fd_event_list = self._selector.poll(timeout, max_ev)\nKeyboardInterrupt\n\nDuring handling of the above exception, another exception occurred:\n\nTraceback (most recent call last):\n  File "/usr/lib/python3/dist-packages/colcon_core/executor/__init__.py", line 91, in __call__\n    rc = await self.task(*args, **kwargs)\n  File "/usr/lib/python3/dist-packages/colcon_core/task/__init__.py", line 93, in __call__\n    return await task_method(*args, **kwargs)\n  File "/usr/lib/python3/dist-packages/colcon_ros/task/ament_python/build.py", line 102, in build\n    return await extension.build(additional_hooks=additional_hooks)\n  File "/usr/lib/python3/dist-packages/colcon_core/task/python/build.py", line 96, in build\n    available_commands = await self._get_available_commands(\n  File "/usr/lib/python3/dist-packages/colcon_core/task/python/build.py", line 194, in _get_available_commands\n    output = await check_output(\n  File "/usr/lib/python3/dist-packages/colcon_core/subprocess.py", line 129, in check_output\n    assert not rc, f\'Expected {args} to pass: {stderr_data}\'\nAssertionError: Expected [\'/usr/bin/python3\', \'-W\', \'ignore:setup.py install is deprecated\', \'-W\', \'ignore:easy_install command is deprecated\', \'setup.py\', \'--help-commands\'] to pass: Traceback (most recent call last):\n  File "/usr/lib/python3/dist-packages/pkg_resources/__init__.py", line 2031, in try_parse\n    return packaging.version.Version(name)\n  File "/usr/lib/python3/dist-packages/pkg_resources/_vendor/packaging/version.py", line 266, in __init__\n    raise InvalidVersion(f"Invalid version: \'{version}\'")\npkg_resources.extern.packaging.version.InvalidVersion: Invalid version: \'packages/paramiko\'\n\nDuring handling of the above exception, another exception occurred:\n\nTraceback (most recent call last):\n  File "/home/kisangpark/ros2_ws/src/camera/setup.py", line 1, in <module>\n    from setuptools import find_packages, setup\n  File "/usr/lib/python3/dist-packages/setuptools/__init__.py", line 16, in <module>\n    import setuptools.version\n  File "/usr/lib/python3/dist-packages/setuptools/version.py", line 1, in <module>\n    import pkg_resources\n  File "/usr/lib/python3/dist-packages/pkg_resources/__init__.py", line 3267, in <module>\n    def _initialize_master_working_set():\n  File "/usr/lib/python3/dist-packages/pkg_resources/__init__.py", line 3241, in _call_aside\n    f(*args, **kwargs)\n  File "/usr/lib/python3/dist-packages/pkg_resources/__init__.py", line 3302, in _initialize_master_working_set\n    list(map(working_set.add_entry, sys.path))\n  File "/usr/lib/python3/dist-packages/pkg_resources/__init__.py", line 613, in add_entry\n    for dist in find_distributions(entry, True):\n  File "/usr/lib/python3/dist-packages/pkg_resources/__init__.py", line 2073, in find_on_path\n    path_item_entries = _by_version_descending(filtered)\n  File "/usr/lib/python3/dist-packages/pkg_resources/__init__.py", line 2043, in _by_version_descending\n    return sorted(names, key=_by_version, reverse=True)\n  File "/usr/lib/python3/dist-packages/pkg_resources/__init__.py", line 2041, in _by_version\n    return [try_parse(part) for part in parts]\n  File "/usr/lib/python3/dist-packages/pkg_resources/__init__.py", line 2041, in <listcomp>\n    return [try_parse(part) for part in parts]\n  File "/usr/lib/python3/dist-packages/pkg_resources/__init__.py", line 2033, in try_parse\n    return packaging.version.Version(\'0\')\n  File "/usr/lib/python3/dist-packages/pkg_resources/_vendor/packaging/version.py", line 264, in __init__\n    match = self._regex.search(version)\nKeyboardInterrupt\n\n'}
[7.549874] (camera) JobEnded: {'identifier': 'camera', 'rc': 'SIGINT'}
[7.586914] (-) EventReactorShutdown: {}
